2024-08-24T11:30:07 | touched: scripts/api-server.js
2026-02-04T02:12:20 | touched: README.md
2024-05-26T09:39:40 | touched: hardhat.config.js
2024-04-30T18:55:43 | touched: scripts/frontend-integration.js
2026-01-12T08:36:51 | touched: hardhat.config.js
2026-01-21T03:27:46 | touched: hardhat.config.js
2026-01-18T13:25:54 | touched: scripts/cli.js
2026-01-18T18:58:05 | touched: hardhat.config.js
2026-02-01T09:56:21 | touched: scripts/interact.js
2026-02-06T08:00:01 | touched: scripts/deploy.js
2024-09-21T15:40:33 | touched: package.json
2024-01-24T00:11:11 | touched: package.json
2024-04-01T15:15:45 | touched: scripts/interact.js
2026-01-10T13:52:32 | touched: scripts/deploy.js
2026-01-11T23:42:42 | touched: README.md
2025-02-11T22:35:44 | touched: scripts/interact.js
2025-05-04T04:48:36 | touched: scripts/interact.js
2025-10-25T11:24:57 | touched: LICENSE
2025-03-13T12:05:40 | touched: scripts/api-server.js
2025-01-22T18:15:48 | touched: scripts/cli.js
2025-06-11T13:50:28 | touched: scripts/frontend-integration.js
